proguard/seeds.txt
com.monster.app.myscreenoff.BootReceiver
com.monster.app.myscreenoff.BootReceiver: BootReceiver()
com.monster.app.myscreenoff.DevicdAdminReceiver
com.monster.app.myscreenoff.DevicdAdminReceiver: DevicdAdminReceiver()
com.monster.app.myscreenoff.IconService
com.monster.app.myscreenoff.IconService: IconService()
com.monster.app.myscreenoff.MainActivity
com.monster.app.myscreenoff.MainActivity: MainActivity()
com.monster.app.myscreenoff.SettingActivity
com.monster.app.myscreenoff.SettingActivity: SettingActivity()
...
com.google.android.gms.ads.AdActivity
com.google.android.gms.ads.AdActivity: AdActivity()
com.google.android.gms.ads.AdView
com.google.android.gms.ads.AdView: AdView(android.content.Context)
com.google.android.gms.ads.AdView: AdView(android.content.Context,android.util.AttributeSet)
com.google.android.gms.ads.AdView: AdView(android.content.Context,android.util.AttributeSet,int)