proguard/mapping.txt
com.monster.app.myscreenoff.BootReceiver -> com.monster.app.myscreenoff.BootReceiver:
    void onReceive(android.content.Context,android.content.Intent) -> onReceive
com.monster.app.myscreenoff.DevicdAdminReceiver -> com.monster.app.myscreenoff.DevicdAdminReceiver:
    void onEnabled(android.content.Context,android.content.Intent) -> onEnabled
    java.lang.CharSequence onDisableRequested(android.content.Context,android.content.Intent) -> onDisableRequested
    void onDisabled(android.content.Context,android.content.Intent) -> onDisabled
    void onPasswordChanged(android.content.Context,android.content.Intent) -> onPasswordChanged
    void onPasswordFailed(android.content.Context,android.content.Intent) -> onPasswordFailed
    void onPasswordSucceeded(android.content.Context,android.content.Intent) -> onPasswordSucceeded
com.monster.app.myscreenoff.IconService -> com.monster.app.myscreenoff.IconService:
    android.view.WindowManager windowManager -> g
    android.widget.ImageView chatHead -> h
    android.view.WindowManager$LayoutParams params -> a
    long startClickTime -> b
    boolean bDoubleClick -> c
    android.app.admin.DevicePolicyManager mDPM -> d
    android.content.ComponentName mDeviceAdminSample -> e
    android.os.Handler mClickHandler -> f
    void lockScreenNow() -> a
    void onCreate() -> onCreate
    void onDestroy() -> onDestroy
    void createNotification() -> b
    android.os.IBinder onBind(android.content.Intent) -> onBind
    android.view.WindowManager access$0(com.monster.app.myscreenoff.IconService) -> a
    android.widget.ImageView access$1(com.monster.app.myscreenoff.IconService) -> b
com.monster.app.myscreenoff.IconService$1 -> com.monster.app.myscreenoff.a:
    com.monster.app.myscreenoff.IconService this$0 -> a
    void handleMessage(android.os.Message) -> handleMessage
com.monster.app.myscreenoff.IconService$2 -> com.monster.app.myscreenoff.b:
    int initialX -> a
    int initialY -> b
    float initialTouchX -> c
    float initialTouchY -> d
    com.monster.app.myscreenoff.IconService this$0 -> e
    boolean onTouch(android.view.View,android.view.MotionEvent) -> onTouch
com.monster.app.myscreenoff.MainActivity -> com.monster.app.myscreenoff.MainActivity:
    android.app.admin.DevicePolicyManager mDPM -> b
    android.content.ComponentName mDeviceAdminSample -> a
    void onCreate(android.os.Bundle) -> onCreate
    void onActivityResult(int,int,android.content.Intent) -> onActivityResult
    void lockScreenNow() -> a
com.monster.app.myscreenoff.MainActivity$1 -> com.monster.app.myscreenoff.c:
    com.monster.app.myscreenoff.MainActivity this$0 -> a
    void onClick(android.content.DialogInterface,int) -> onClick
com.monster.app.myscreenoff.SettingActivity -> com.monster.app.myscreenoff.SettingActivity:
    android.app.admin.DevicePolicyManager mDPM -> d
    android.content.ComponentName mDeviceAdminSample -> a
    com.monster.app.util.IabHelper mHelper -> b
    android.content.DialogInterface$OnClickListener clickAdminActive -> e
    android.os.Handler hSetupDefaultData -> c
    void onCreate(android.os.Bundle) -> onCreate
    void onResume() -> onResume
    void releaseIabHelper() -> b
    boolean onPreferenceClick(android.preference.Preference) -> onPreferenceClick
    void buyFullVersion() -> a
    void onActivityResult(int,int,android.content.Intent) -> onActivityResult
    void onDestroy() -> onDestroy
    boolean onPreferenceChange(android.preference.Preference,java.lang.Object) -> onPreferenceChange
    boolean onKeyDown(int,android.view.KeyEvent) -> onKeyDown
    void access$0(com.monster.app.myscreenoff.SettingActivity) -> a
com.monster.app.myscreenoff.SettingActivity$1 -> com.monster.app.myscreenoff.d:
    com.monster.app.myscreenoff.SettingActivity this$0 -> a
    void onClick(android.content.DialogInterface,int) -> onClick
...
com.google.android.gms.tagmanager.zzau -> com.google.android.gms.e.K:
    void zzg(long,java.lang.String) -> a
    void dispatch() -> a
com.google.android.gms.tagmanager.zzav -> com.google.android.gms.e.L:
    com.google.android.gms.tagmanager.zzcu zzaFB -> a
    void zzai(boolean) -> a
com.google.android.gms.tagmanager.zzaw -> com.google.android.gms.e.M:
    java.lang.String ID -> a
    java.lang.String zzaCb -> b
    android.content.Context zzmH -> c
    boolean zzwn() -> a
    com.google.android.gms.internal.zzd$zza zzD(java.util.Map) -> a
com.google.android.gms.tagmanager.zzax -> com.google.android.gms.e.N:
    java.lang.String zzaDG -> a
    java.util.Map zzaDH -> b
    java.lang.String zzi(android.content.Context,java.lang.String) -> a
    void zzj(android.content.Context,java.lang.String) -> b
    java.lang.String zzB(java.lang.String,java.lang.String) -> a
    java.lang.String zzf(android.content.Context,java.lang.String,java.lang.String) -> a
com.google.android.gms.tagmanager.zzay -> com.google.android.gms.e.O:
    java.lang.String ID -> a
    java.lang.String zzaDq -> b
    java.lang.String zzaDI -> c
    java.lang.String zzaDJ -> d
    java.lang.String zzaDK -> e
    boolean zzwn() -> a
    com.google.android.gms.internal.zzd$zza zzD(java.util.Map) -> a
    void zza(java.util.Set,java.lang.String) -> a
    void zza(java.lang.StringBuilder,java.lang.String,com.google.android.gms.tagmanager.zzay$zza,java.util.Set) -> a
    java.lang.String zza(java.lang.String,com.google.android.gms.tagmanager.zzay$zza,java.util.Set) -> a
com.google.android.gms.tagmanager.zzay$1 -> com.google.android.gms.e.P:
    int[] zzaDL -> a
com.google.android.gms.tagmanager.zzay$zza -> com.google.android.gms.e.Q:
    com.google.android.gms.tagmanager.zzay$zza zzaDM -> a
    com.google.android.gms.tagmanager.zzay$zza zzaDN -> b
    com.google.android.gms.tagmanager.zzay$zza zzaDO -> c
    com.google.android.gms.tagmanager.zzay$zza[] zzaDP -> d
    com.google.android.gms.tagmanager.zzay$zza[] values() -> a
com.google.android.gms.tagmanager.zzb -> com.google.android.gms.e.R:
    java.lang.String ID -> a
    com.google.android.gms.tagmanager.zza zzaCa -> b
    boolean zzwn() -> a
    com.google.android.gms.internal.zzd$zza zzD(java.util.Map) -> a
com.google.android.gms.tagmanager.zzba -> com.google.android.gms.e.S:
    android.util.LruCache zzaDQ -> a
    void zze(java.lang.Object,java.lang.Object) -> a
    java.lang.Object get(java.lang.Object) -> a
com.google.android.gms.tagmanager.zzba$1 -> com.google.android.gms.e.T:
    com.google.android.gms.tagmanager.zzm$zza zzaDR -> a
    int sizeOf(java.lang.Object,java.lang.Object) -> sizeOf
com.google.android.gms.tagmanager.zzbb -> com.google.android.gms.e.U:
    java.lang.String ID -> a
    boolean zzwn() -> a
    com.google.android.gms.internal.zzd$zza zzD(java.util.Map) -> a
    java.util.Set zzwT() -> c
    java.lang.String zzwS() -> b
com.google.android.gms.tagmanager.zzbc -> com.google.android.gms.e.V:
    java.lang.String ID -> a
    boolean zza$1a659e04(com.google.android.gms.tagmanager.zzde,com.google.android.gms.tagmanager.zzde) -> a
com.google.android.gms.tagmanager.zzbd -> com.google.android.gms.e.W:
    java.lang.String ID -> a
    boolean zza$1a659e04(com.google.android.gms.tagmanager.zzde,com.google.android.gms.tagmanager.zzde) -> a
com.google.android.gms.tagmanager.zzbe -> com.google.android.gms.e.X:
    long zzIj -> a
    long zzaDT -> b
    int zzIk -> c
    double zzIl -> d
    long zzIm -> e
    java.lang.Object zzIn -> f
    java.lang.String zzso -> g
    com.google.android.gms.internal.zzht zznR -> h
    boolean zziU() -> a
com.google.android.gms.tagmanager.zzbg -> com.google.android.gms.e.Y:
    com.google.android.gms.tagmanager.zzbh zzaDY -> a
    void zzak(java.lang.String) -> a
    void zzb(java.lang.String,java.lang.Throwable) -> a
    void zzan(java.lang.String) -> b
    void zzal(java.lang.String) -> c
    void zzam(java.lang.String) -> d
    int getLogLevel() -> a