proguard/usage.txt
com.monster.app.myscreenoff.BuildConfig
com.monster.app.myscreenoff.DevicdAdminReceiver:
    32:32:static android.content.SharedPreferences getSamplePreferences(android.content.Context)
    36:37:void showToast(android.content.Context,java.lang.CharSequence)
com.monster.app.myscreenoff.IconService:
    static final int SINGLE_CLICK_EVENT
    static final int DOUBLE_CLICK_EVENT
    static final java.lang.String KEY_POSITION_X
    static final java.lang.String KEY_POSITION_Y
com.monster.app.myscreenoff.R
com.monster.app.myscreenoff.R$array
com.monster.app.myscreenoff.R$attr
com.monster.app.myscreenoff.R$color
com.monster.app.myscreenoff.R$dimen
com.monster.app.myscreenoff.R$drawable
com.monster.app.myscreenoff.R$id
com.monster.app.myscreenoff.R$integer
com.monster.app.myscreenoff.R$layout
com.monster.app.myscreenoff.R$raw
com.monster.app.myscreenoff.R$string
com.monster.app.myscreenoff.R$style
com.monster.app.myscreenoff.R$styleable
com.monster.app.myscreenoff.R$xml
com.monster.app.myscreenoff.SettingActivity:
    static final int BuyFullVersionRequestCode
    static final java.lang.String BuyFullVersionCheckCode
    static final java.lang.String IABKey
    static final java.lang.String FullVersionID
...
com.google.android.gms.internal.zzkd$zza
com.google.android.gms.internal.zzkd$zza$zza
com.google.android.gms.internal.zzke
com.google.android.gms.internal.zzke$zza
com.google.android.gms.internal.zzke$zza$zza
com.google.android.gms.internal.zzkz
com.google.android.gms.internal.zzla
com.google.android.gms.internal.zzla$1
com.google.android.gms.internal.zzla$zza
com.google.android.gms.internal.zzla$zzb
com.google.android.gms.internal.zzla$zzb$1
com.google.android.gms.internal.zzla$zzb$2
com.google.android.gms.internal.zzla$zzc
com.google.android.gms.internal.zzla$zzc$1
com.google.android.gms.internal.zzla$zzd
com.google.android.gms.internal.zzla$zzd$1
com.google.android.gms.internal.zzla$zze
com.google.android.gms.internal.zzla$zzf
com.google.android.gms.internal.zzla$zzf$1
com.google.android.gms.internal.zzla$zzf$2
com.google.android.gms.internal.zzlb
com.google.android.gms.internal.zzlb$1
com.google.android.gms.internal.zzlb$2
com.google.android.gms.internal.zzlb$3
com.google.android.gms.internal.zzlb$4
com.google.android.gms.internal.zzlb$5
com.google.android.gms.internal.zzlb$6
com.google.android.gms.internal.zzlb$zza
com.google.android.gms.internal.zzlb$zzb
com.google.android.gms.internal.zzlb$zzb$1
com.google.android.gms.internal.zzlb$zzc
com.google.android.gms.internal.zzlc
com.google.android.gms.internal.zzlc$zza
com.google.android.gms.internal.zzlc$zza$zza
com.google.android.gms.internal.zzld
com.google.android.gms.internal.zzld$zza
com.google.android.gms.internal.zzld$zza$zza
com.google.android.gms.internal.zzle
com.google.android.gms.internal.zzle$zza
com.google.android.gms.internal.zzle$zza$zza
com.google.android.gms.internal.zzlf
com.google.android.gms.internal.zzlf$zza
com.google.android.gms.internal.zzlf$zza$zza
com.google.android.gms.internal.zzlg
com.google.android.gms.internal.zzlg$1
com.google.android.gms.internal.zzlg$2
com.google.android.gms.internal.zzlg$3
com.google.android.gms.internal.zzlg$zza
com.google.android.gms.internal.zzlg$zzb
com.google.android.gms.internal.zzlg$zzc
com.google.android.gms.internal.zzlh
com.google.android.gms.internal.zzli
com.google.android.gms.internal.zzlj
com.google.android.gms.internal.zzlk
com.google.android.gms.internal.zzlk$zza
com.google.android.gms.internal.zzll
com.google.android.gms.internal.zzll$1
com.google.android.gms.internal.zzll$zza
com.google.android.gms.internal.zzlm
com.google.android.gms.internal.zzln
com.google.android.gms.internal.zzlo
com.google.android.gms.internal.zzlo$1
com.google.android.gms.internal.zzlo$2
com.google.android.gms.internal.zzlo$3
com.google.android.gms.internal.zzlo$4
com.google.android.gms.internal.zzlo$zza
com.google.android.gms.internal.zzlo$zza$1
com.google.android.gms.internal.zzlo$zzb
com.google.android.gms.internal.zzlo$zzc
com.google.android.gms.internal.zzlp
com.google.android.gms.internal.zzlp$1
com.google.android.gms.internal.zzlp$2
com.google.android.gms.internal.zzlp$3
com.google.android.gms.internal.zzlp$4
com.google.android.gms.internal.zzlp$5
com.google.android.gms.internal.zzlp$zza
com.google.android.gms.internal.zzlp$zza$1
com.google.android.gms.internal.zzlq
com.google.android.gms.internal.zzlr
com.google.android.gms.internal.zzls
com.google.android.gms.internal.zzls$zza
com.google.android.gms.internal.zzls$zza$zza
com.google.android.gms.internal.zzlt
com.google.android.gms.internal.zzlt$zza
com.google.android.gms.internal.zzlt$zza$zza
com.google.android.gms.internal.zzlu
com.google.android.gms.internal.zzlu$1
com.google.android.gms.internal.zzlu$zza
com.google.android.gms.internal.zzlu$zzb
com.google.android.gms.internal.zzlu$zzb$1
com.google.android.gms.internal.zzlv
com.google.android.gms.internal.zzlw
com.google.android.gms.internal.zzlx
com.google.android.gms.internal.zzlx$zza
com.google.android.gms.internal.zzlx$zza$zza
com.google.android.gms.internal.zzly
com.google.android.gms.internal.zzly$zza
com.google.android.gms.internal.zzly$zza$zza
com.google.android.gms.internal.zzlz